This is XeTeX, Version 3.141592653-2.6-0.999996 (TeX Live 2024) (preloaded format=xelatex 2025.3.3)  7 JUN 2025 23:30
entering extended mode
 restricted \write18 enabled.
 %&-line parsing enabled.
**main.tex
(./main.tex
LaTeX2e <2024-11-01> patch level 2
L3 programming layer <2025-01-18>
(./setup.tex (./vkr.cls
Document Class: vkr VKR class

(d:/My Programs/Tex Live/texlive/2024/texmf-dist/tex/latex/fontspec/fontspec.st
y
(d:/My Programs/Tex Live/texlive/2024/texmf-dist/tex/latex/l3packages/xparse/xp
arse.sty
(d:/My Programs/Tex Live/texlive/2024/texmf-dist/tex/latex/l3kernel/expl3.sty
Package: expl3 2025-01-18 L3 programming layer (loader) 

(d:/My Programs/Tex Live/texlive/2024/texmf-dist/tex/latex/l3backend/l3backend-
xetex.def
File: l3backend-xetex.def 2024-05-08 L3 backend support: XeTeX
\g__graphics_track_int=\count192
\l__pdf_internal_box=\box52
\g__pdf_backend_annotation_int=\count193
\g__pdf_backend_link_int=\count194
))
Package: xparse 2024-08-16 L3 Experimental document command parser
)
Package: fontspec 2024/05/11 v2.9e Font selection for XeLaTeX and LuaLaTeX

(d:/My Programs/Tex Live/texlive/2024/texmf-dist/tex/latex/fontspec/fontspec-xe
tex.sty
Package: fontspec-xetex 2024/05/11 v2.9e Font selection for XeLaTeX and LuaLaTe
X
\l__fontspec_script_int=\count195
\l__fontspec_language_int=\count196
\l__fontspec_strnum_int=\count197
\l__fontspec_tmp_int=\count198
\l__fontspec_tmpa_int=\count199
\l__fontspec_tmpb_int=\count266
\l__fontspec_tmpc_int=\count267
\l__fontspec_em_int=\count268
\l__fontspec_emdef_int=\count269
\l__fontspec_strong_int=\count270
\l__fontspec_strongdef_int=\count271
\l__fontspec_tmpa_dim=\dimen141
\l__fontspec_tmpb_dim=\dimen142
\l__fontspec_tmpc_dim=\dimen143

(d:/My Programs/Tex Live/texlive/2024/texmf-dist/tex/latex/base/fontenc.sty
Package: fontenc 2021/04/29 v2.0v Standard LaTeX package
)
(d:/My Programs/Tex Live/texlive/2024/texmf-dist/tex/latex/fontspec/fontspec.cf
g)))

Package fontspec Info: 
(fontspec)             Font family 'TimesNewRoman(0)' created for font 'Times
(fontspec)             New Roman' with options [Ligatures=TeX].
(fontspec)              
(fontspec)              This font family consists of the following NFSS
(fontspec)             series/shapes:
(fontspec)              
(fontspec)             - 'normal' (m/n) with NFSS spec.: <->"Times New
(fontspec)             Roman/OT:script=latn;language=dflt;mapping=tex-text;"
(fontspec)             - 'small caps'  (m/sc) with NFSS spec.: <->"Times New
(fontspec)             Roman/OT:script=latn;language=dflt;+smcp;mapping=tex-tex
t;"
(fontspec)             - 'bold' (b/n) with NFSS spec.: <->"Times New
(fontspec)             Roman/B/OT:script=latn;language=dflt;mapping=tex-text;"
(fontspec)             - 'bold small caps'  (b/sc) with NFSS spec.: <->"Times
(fontspec)             New
(fontspec)             Roman/B/OT:script=latn;language=dflt;+smcp;mapping=tex-t
ext;"
(fontspec)             - 'italic' (m/it) with NFSS spec.: <->"Times New
(fontspec)             Roman/I/OT:script=latn;language=dflt;mapping=tex-text;"
(fontspec)             - 'italic small caps'  (m/scit) with NFSS spec.:
(fontspec)             <->"Times New
(fontspec)             Roman/I/OT:script=latn;language=dflt;+smcp;mapping=tex-t
ext;"
(fontspec)             - 'bold italic' (b/it) with NFSS spec.: <->"Times New
(fontspec)             Roman/BI/OT:script=latn;language=dflt;mapping=tex-text;"

(fontspec)             - 'bold italic small caps'  (b/scit) with NFSS spec.:
(fontspec)             <->"Times New
(fontspec)             Roman/BI/OT:script=latn;language=dflt;+smcp;mapping=tex-
text;"

\pagetop=\skip49
\pagebottom=\skip50
\pageleft=\skip51
\pageright=\skip52
\pwidth=\skip53
\pheight=\skip54
\saved@arstrutbox=\box53
\c@section=\count272
\c@subsection=\count273
\c@subsubsection=\count274
\c@paragraph=\count275
\c@figure=\count276
\c@figurecnt=\count277
\abovecaptionskip=\skip55
\belowcaptionskip=\skip56
\c@table=\count278
\c@tablecnt=\count279
\c@lastpage=\count280
\c@числоПлакатов=\count281
\c@bibcount=\count282
)
(d:/My Programs/Tex Live/texlive/2024/texmf-dist/tex/generic/babel/babel.sty
Package: babel 2025/02/14 v25.4 The multilingual framework for pdfLaTeX, LuaLaT
eX and XeLaTeX
\babel@savecnt=\count283
\U@D=\dimen144
\l@unhyphenated=\language90

(d:/My Programs/Tex Live/texlive/2024/texmf-dist/tex/generic/babel/xebabel.def)
\bbl@readstream=\read2
\bbl@dirlevel=\count284

(d:/My Programs/Tex Live/texlive/2024/texmf-dist/tex/generic/babel-english/engl
ish.ldf
Language: english 2017/06/06 v3.3r English support from the babel system
Package babel Info: Hyphen rules for 'canadian' set to \l@english
(babel)             (\language0). Reported on input line 102.
Package babel Info: Hyphen rules for 'australian' set to \l@ukenglish
(babel)             (\language24). Reported on input line 105.
Package babel Info: Hyphen rules for 'newzealand' set to \l@ukenglish
(babel)             (\language24). Reported on input line 108.
)
(d:/My Programs/Tex Live/texlive/2024/texmf-dist/tex/generic/babel-russian/russ
ianb.ldf
File: russianb.ldf 2021/01/10 1.3m Russian support for the Babel system
Language: russian 2020/09/09 1.3k Russian support for the Babel system
Package babel Info: Making " an active character on input line 124.
Package babel Info: Default for \cyrdash is provided on input line 163.
))
(d:/My Programs/Tex Live/texlive/2024/texmf-dist/tex/generic/babel/locale/ru/ba
bel-russian.tex
Package babel Info: Importing font and identification data for russian
(babel)             from babel-ru.ini. Reported on input line 11.
)
(d:/My Programs/Tex Live/texlive/2024/texmf-dist/tex/generic/babel/locale/en/ba
bel-english.tex
Package babel Info: Importing font and identification data for english
(babel)             from babel-en.ini. Reported on input line 11.
)
(d:/My Programs/Tex Live/texlive/2024/texmf-dist/tex/latex/graphics/graphicx.st
y
Package: graphicx 2021/09/16 v1.2d Enhanced LaTeX Graphics (DPC,SPQR)

(d:/My Programs/Tex Live/texlive/2024/texmf-dist/tex/latex/graphics/keyval.sty
Package: keyval 2022/05/29 v1.15 key=value parser (DPC)
\KV@toks@=\toks17
)
(d:/My Programs/Tex Live/texlive/2024/texmf-dist/tex/latex/graphics/graphics.st
y
Package: graphics 2024/08/06 v1.4g Standard LaTeX Graphics (DPC,SPQR)
 (d:/My Programs/Tex Live/texlive/2024/texmf-dist/tex/latex/graphics/trig.sty
Package: trig 2023/12/02 v1.11 sin cos tan (DPC)
)
(d:/My Programs/Tex Live/texlive/2024/texmf-dist/tex/latex/graphics-cfg/graphic
s.cfg
File: graphics.cfg 2016/06/04 v1.11 sample graphics configuration
)
Package graphics Info: Driver file: xetex.def on input line 106.

(d:/My Programs/Tex Live/texlive/2024/texmf-dist/tex/latex/graphics-def/xetex.d
ef
File: xetex.def 2022/09/22 v5.0n Graphics/color driver for xetex
))
\Gin@req@height=\dimen145
\Gin@req@width=\dimen146
)
(d:/My Programs/Tex Live/texlive/2024/texmf-dist/tex/latex/hyperref/hyperref.st
y
Package: hyperref 2024-11-05 v7.01l Hypertext links for LaTeX
 (d:/My Programs/Tex Live/texlive/2024/texmf-dist/tex/generic/iftex/iftex.sty
Package: iftex 2024/12/12 v1.0g TeX engine tests
)
(d:/My Programs/Tex Live/texlive/2024/texmf-dist/tex/latex/kvsetkeys/kvsetkeys.
sty
Package: kvsetkeys 2022-10-05 v1.19 Key value parser (HO)
)
(d:/My Programs/Tex Live/texlive/2024/texmf-dist/tex/generic/kvdefinekeys/kvdef
inekeys.sty
Package: kvdefinekeys 2019-12-19 v1.6 Define keys (HO)
)
(d:/My Programs/Tex Live/texlive/2024/texmf-dist/tex/generic/pdfescape/pdfescap
e.sty
Package: pdfescape 2019/12/09 v1.15 Implements pdfTeX's escape features (HO)

(d:/My Programs/Tex Live/texlive/2024/texmf-dist/tex/generic/ltxcmds/ltxcmds.st
y
Package: ltxcmds 2023-12-04 v1.26 LaTeX kernel commands for general use (HO)
)
(d:/My Programs/Tex Live/texlive/2024/texmf-dist/tex/generic/pdftexcmds/pdftexc
mds.sty
Package: pdftexcmds 2020-06-27 v0.33 Utility functions of pdfTeX for LuaTeX (HO
)

(d:/My Programs/Tex Live/texlive/2024/texmf-dist/tex/generic/infwarerr/infwarer
r.sty
Package: infwarerr 2019/12/03 v1.5 Providing info/warning/error messages (HO)
)
Package pdftexcmds Info: \pdf@primitive is available.
Package pdftexcmds Info: \pdf@ifprimitive is available.
Package pdftexcmds Info: \pdfdraftmode not found.
))
(d:/My Programs/Tex Live/texlive/2024/texmf-dist/tex/latex/hycolor/hycolor.sty
Package: hycolor 2020-01-27 v1.10 Color options for hyperref/bookmark (HO)
)
(d:/My Programs/Tex Live/texlive/2024/texmf-dist/tex/latex/hyperref/nameref.sty
Package: nameref 2023-11-26 v2.56 Cross-referencing by name of section

(d:/My Programs/Tex Live/texlive/2024/texmf-dist/tex/latex/refcount/refcount.st
y
Package: refcount 2019/12/15 v3.6 Data extraction from label references (HO)
)
(d:/My Programs/Tex Live/texlive/2024/texmf-dist/tex/generic/gettitlestring/get
titlestring.sty
Package: gettitlestring 2019/12/15 v1.6 Cleanup title references (HO)

(d:/My Programs/Tex Live/texlive/2024/texmf-dist/tex/latex/kvoptions/kvoptions.
sty
Package: kvoptions 2022-06-15 v3.15 Key value format for package options (HO)
))
\c@section@level=\count285
)
(d:/My Programs/Tex Live/texlive/2024/texmf-dist/tex/latex/etoolbox/etoolbox.st
y
Package: etoolbox 2025/02/11 v2.5l e-TeX tools for LaTeX (JAW)
\etb@tempcnta=\count286
)
(d:/My Programs/Tex Live/texlive/2024/texmf-dist/tex/generic/stringenc/stringen
c.sty
Package: stringenc 2019/11/29 v1.12 Convert strings between diff. encodings (HO
)
)
\@linkdim=\dimen147
\Hy@linkcounter=\count287
\Hy@pagecounter=\count288

(d:/My Programs/Tex Live/texlive/2024/texmf-dist/tex/latex/hyperref/pd1enc.def
File: pd1enc.def 2024-11-05 v7.01l Hyperref: PDFDocEncoding definition (HO)
)
(d:/My Programs/Tex Live/texlive/2024/texmf-dist/tex/generic/intcalc/intcalc.st
y
Package: intcalc 2019/12/15 v1.3 Expandable calculations with integers (HO)
)
\Hy@SavedSpaceFactor=\count289

(d:/My Programs/Tex Live/texlive/2024/texmf-dist/tex/latex/hyperref/puenc.def
File: puenc.def 2024-11-05 v7.01l Hyperref: PDF Unicode definition (HO)
)
Package hyperref Info: Option `unicode' set `true' on input line 3143.
Package hyperref Info: Hyper figures OFF on input line 4157.
Package hyperref Info: Link nesting OFF on input line 4162.
Package hyperref Info: Hyper index ON on input line 4165.
Package hyperref Info: Plain pages OFF on input line 4172.
Package hyperref Info: Backreferencing OFF on input line 4177.
Package hyperref Info: Implicit mode ON; LaTeX internals redefined.
Package hyperref Info: Bookmarks ON on input line 4424.
\c@Hy@tempcnt=\count290

(d:/My Programs/Tex Live/texlive/2024/texmf-dist/tex/latex/url/url.sty
\Urlmuskip=\muskip17
Package: url 2013/09/16  ver 3.4  Verb mode for urls, etc.
)
LaTeX Info: Redefining \url on input line 4763.
\XeTeXLinkMargin=\dimen148

(d:/My Programs/Tex Live/texlive/2024/texmf-dist/tex/generic/bitset/bitset.sty
Package: bitset 2019/12/09 v1.3 Handle bit-vector datatype (HO)

(d:/My Programs/Tex Live/texlive/2024/texmf-dist/tex/generic/bigintcalc/bigintc
alc.sty
Package: bigintcalc 2019/12/15 v1.5 Expandable calculations on big integers (HO
)
))
\Fld@menulength=\count291
\Field@Width=\dimen149
\Fld@charsize=\dimen150
Package hyperref Info: Hyper figures OFF on input line 6042.
Package hyperref Info: Link nesting OFF on input line 6047.
Package hyperref Info: Hyper index ON on input line 6050.
Package hyperref Info: backreferencing OFF on input line 6057.
Package hyperref Info: Link coloring OFF on input line 6062.
Package hyperref Info: Link coloring with OCG OFF on input line 6067.
Package hyperref Info: PDF/A mode OFF on input line 6072.

(d:/My Programs/Tex Live/texlive/2024/texmf-dist/tex/latex/base/atbegshi-ltx.st
y
Package: atbegshi-ltx 2021/01/10 v1.0c Emulation of the original atbegshi
package with kernel methods
)
\Hy@abspage=\count292
\c@Item=\count293
\c@Hfootnote=\count294
)
Package hyperref Info: Driver (autodetected): hxetex.

(d:/My Programs/Tex Live/texlive/2024/texmf-dist/tex/latex/hyperref/hxetex.def
File: hxetex.def 2024-11-05 v7.01l Hyperref driver for XeTeX
\pdfm@box=\box54
\c@Hy@AnnotLevel=\count295
\HyField@AnnotCount=\count296
\Fld@listcount=\count297
\c@bookmark@seq@number=\count298

(d:/My Programs/Tex Live/texlive/2024/texmf-dist/tex/latex/rerunfilecheck/rerun
filecheck.sty
Package: rerunfilecheck 2022-07-10 v1.10 Rerun checks for auxiliary files (HO)

(d:/My Programs/Tex Live/texlive/2024/texmf-dist/tex/latex/base/atveryend-ltx.s
ty
Package: atveryend-ltx 2020/08/19 v1.0a Emulation of the original atveryend pac
kage
with kernel methods
)
(d:/My Programs/Tex Live/texlive/2024/texmf-dist/tex/generic/uniquecounter/uniq
uecounter.sty
Package: uniquecounter 2019/12/15 v1.4 Provide unlimited unique counter (HO)
)
Package uniquecounter Info: New unique counter `rerunfilecheck' on input line 2
85.
)
\Hy@SectionHShift=\skip57
)
(d:/My Programs/Tex Live/texlive/2024/texmf-dist/tex/latex/float/float.sty
Package: float 2001/11/08 v1.3d Float enhancements (AL)
\c@float@type=\count299
\float@exts=\toks18
\float@box=\box55
\@float@everytoks=\toks19
\@floatcapt=\box56
)
(d:/My Programs/Tex Live/texlive/2024/texmf-dist/tex/latex/pdflscape/pdflscape.
sty
Package: pdflscape 2022-10-27 v0.13 Display of landscape pages in PDF

(d:/My Programs/Tex Live/texlive/2024/texmf-dist/tex/latex/pdflscape/pdflscape-
nometadata.sty
Package: pdflscape-nometadata 2022-10-28 v0.13 Display of landscape pages in PD
F (HO)

(d:/My Programs/Tex Live/texlive/2024/texmf-dist/tex/latex/graphics/lscape.sty
Package: lscape 2020/05/28 v3.02 Landscape Pages (DPC)
)
Package pdflscape Info: Auto-detected driver: dvipdfm (xetex) on input line 98.

))
(d:/My Programs/Tex Live/texlive/2024/texmf-dist/tex/latex/xltabular/xltabular.
sty
Package: xltabular 2025/02/28 v0.2i `xltabular' package (hv,RN)

(d:/My Programs/Tex Live/texlive/2024/texmf-dist/tex/latex/tools/tabularx.sty
Package: tabularx 2023/12/11 v2.12a `tabularx' package (DPC)

(d:/My Programs/Tex Live/texlive/2024/texmf-dist/tex/latex/tools/array.sty
Package: array 2024/10/17 v2.6g Tabular extension package (FMi)
\col@sep=\dimen151
\ar@mcellbox=\box57
\extrarowheight=\dimen152
\NC@list=\toks20
\extratabsurround=\skip58
\backup@length=\skip59
\ar@cellbox=\box58
)
\TX@col@width=\dimen153
\TX@old@table=\dimen154
\TX@old@col=\dimen155
\TX@target=\dimen156
\TX@delta=\dimen157
\TX@cols=\count300
\TX@ftn=\toks21
)
(d:/My Programs/Tex Live/texlive/2024/texmf-dist/tex/latex/ltablex/ltablex.sty
Package: ltablex 2014/08/13 v1.1 Modified tabularx

(d:/My Programs/Tex Live/texlive/2024/texmf-dist/tex/latex/tools/longtable.sty
Package: longtable 2024-10-27 v4.22 Multi-page Table package (DPC)
\LTleft=\skip60
\LTright=\skip61
\LTpre=\skip62
\LTpost=\skip63
\LTchunksize=\count301
\LTcapwidth=\dimen158
\LT@head=\box59
\LT@firsthead=\box60
\LT@foot=\box61
\LT@lastfoot=\box62
\LT@gbox=\box63
\LT@cols=\count302
\LT@rows=\count303
\c@LT@tables=\count304
\c@LT@chunks=\count305
\LT@p@ftn=\toks22
)))
(d:/My Programs/Tex Live/texlive/2024/texmf-dist/tex/latex/makecell/makecell.st
y
Package: makecell 2009/08/03 V0.1e Managing of Tab Column Heads and Cells
\rotheadsize=\dimen159
\c@nlinenum=\count306
\TeXr@lab=\toks23
)

Package array Warning: Redefining primitive column r on input line 16.

(d:/My Programs/Tex Live/texlive/2024/texmf-dist/tex/latex/caption/caption.sty
Package: caption 2023/08/05 v3.6o Customizing captions (AR)

(d:/My Programs/Tex Live/texlive/2024/texmf-dist/tex/latex/caption/caption3.sty
Package: caption3 2023/07/31 v2.4d caption3 kernel (AR)
\caption@tempdima=\dimen160
\captionmargin=\dimen161
\caption@leftmargin=\dimen162
\caption@rightmargin=\dimen163
\caption@width=\dimen164
\caption@indent=\dimen165
\caption@parindent=\dimen166
\caption@hangindent=\dimen167
Package caption Info: Unknown document class (or package),
(caption)             standard defaults will be used.
Package caption Info: \@makecaption = \long macro:#1#2->\vskip \abovecaptionski
p \sbox \@tempboxa {#1 -- #2}\ifdim \wd \@tempboxa >\hsize #1 -- #2\par \else \
global \@minipagefalse \if \instring {Таб}{#1} \hb@xt@ \hsize {\box \@tempboxa 
\hfil }\else \hb@xt@ \hsize {\hfil \box \@tempboxa \hfil }\fi \fi \vskip \below
captionskip  on input line 1175.
)

Package caption Warning: Unknown document class (or package),
(caption)                standard defaults will be used.
See the caption package documentation for explanation.

\c@caption@flags=\count307
\c@continuedfloat=\count308
Package caption Info: float package is loaded.
Package caption Info: hyperref package is loaded.
Package caption Info: longtable package is loaded.

(d:/My Programs/Tex Live/texlive/2024/texmf-dist/tex/latex/caption/ltcaption.st
y
Package: ltcaption 2021/01/08 v1.4c longtable captions (AR)
))
(d:/My Programs/Tex Live/texlive/2024/texmf-dist/tex/latex/enumitem/enumitem.st
y
Package: enumitem 2025/02/06 v3.11 Customized lists
\labelindent=\skip64
\enit@outerparindent=\dimen168
\enit@toks=\toks24
\enit@inbox=\box64
\enit@count@id=\count309
\enitdp@description=\count310
)
(d:/My Programs/Tex Live/texlive/2024/texmf-dist/tex/latex/graphics/color.sty
Package: color 2024/06/23 v1.3e Standard LaTeX Color (DPC)

(d:/My Programs/Tex Live/texlive/2024/texmf-dist/tex/latex/graphics-cfg/color.c
fg
File: color.cfg 2016/01/02 v1.6 sample color configuration
)
Package color Info: Driver file: xetex.def on input line 149.

(d:/My Programs/Tex Live/texlive/2024/texmf-dist/tex/latex/graphics/mathcolor.l
tx))
(d:/My Programs/Tex Live/texlive/2024/texmf-dist/tex/latex/listings/listings.st
y
\lst@mode=\count311
\lst@gtempboxa=\box65
\lst@token=\toks25
\lst@length=\count312
\lst@currlwidth=\dimen169
\lst@column=\count313
\lst@pos=\count314
\lst@lostspace=\dimen170
\lst@width=\dimen171
\lst@newlines=\count315
\lst@lineno=\count316
\lst@maxwidth=\dimen172

(d:/My Programs/Tex Live/texlive/2024/texmf-dist/tex/latex/listings/lstpatch.st
y
File: lstpatch.sty 2024/09/23 1.10c (Carsten Heinz)
)
(d:/My Programs/Tex Live/texlive/2024/texmf-dist/tex/latex/listings/lstmisc.sty
File: lstmisc.sty 2024/09/23 1.10c (Carsten Heinz)
\c@lstnumber=\count317
\lst@skipnumbers=\count318
\lst@framebox=\box66
)
(d:/My Programs/Tex Live/texlive/2024/texmf-dist/tex/latex/listings/listings.cf
g
File: listings.cfg 2024/09/23 1.10c listings configuration
))
Package: listings 2024/09/23 1.10c (Carsten Heinz)

Package fontspec Info: 
(fontspec)             Verdana scale = 0.7.


Package fontspec Info: 
(fontspec)             Verdana scale = 0.7.


Package fontspec Info: 
(fontspec)             Verdana scale = 0.7.


Package fontspec Info: 
(fontspec)             Verdana/B scale = 0.7.


Package fontspec Info: 
(fontspec)             Verdana/B scale = 0.7.


Package fontspec Info: 
(fontspec)             Verdana/I scale = 0.7.


Package fontspec Info: 
(fontspec)             Verdana/I scale = 0.7.


Package fontspec Info: 
(fontspec)             Verdana/BI scale = 0.7.


Package fontspec Info: 
(fontspec)             Verdana/BI scale = 0.7.


Package fontspec Info: 
(fontspec)             Font family 'Verdana(0)' created for font 'Verdana'
(fontspec)             with options
(fontspec)             [WordSpace={1,0,0},HyphenChar=None,PunctuationSpace=Word
Space,Scale=0.7].
(fontspec)              
(fontspec)              This font family consists of the following NFSS
(fontspec)             series/shapes:
(fontspec)              
(fontspec)             - 'normal' (m/n) with NFSS spec.:
(fontspec)             <->s*[0.7]"Verdana/OT:script=latn;language=dflt;"
(fontspec)             - 'small caps'  (m/sc) with NFSS spec.:
(fontspec)             <->s*[0.7]"Verdana/OT:script=latn;language=dflt;+smcp;"
(fontspec)             and font adjustment code:
(fontspec)             \fontdimen 2\font =1\fontdimen 2\font \fontdimen 3\font
(fontspec)             =0\fontdimen 3\font \fontdimen 4\font =0\fontdimen
(fontspec)             4\font \fontdimen 7\font =0\fontdimen 2\font
(fontspec)             \tex_hyphenchar:D \font =-1\scan_stop: 
(fontspec)             - 'bold' (b/n) with NFSS spec.:
(fontspec)             <->s*[0.7]"Verdana/B/OT:script=latn;language=dflt;"
(fontspec)             - 'bold small caps'  (b/sc) with NFSS spec.:
(fontspec)             <->s*[0.7]"Verdana/B/OT:script=latn;language=dflt;+smcp;
"
(fontspec)             and font adjustment code:
(fontspec)             \fontdimen 2\font =1\fontdimen 2\font \fontdimen 3\font
(fontspec)             =0\fontdimen 3\font \fontdimen 4\font =0\fontdimen
(fontspec)             4\font \fontdimen 7\font =0\fontdimen 2\font
(fontspec)             \tex_hyphenchar:D \font =-1\scan_stop: 
(fontspec)             - 'italic' (m/it) with NFSS spec.:
(fontspec)             <->s*[0.7]"Verdana/I/OT:script=latn;language=dflt;"
(fontspec)             - 'italic small caps'  (m/scit) with NFSS spec.:
(fontspec)             <->s*[0.7]"Verdana/I/OT:script=latn;language=dflt;+smcp;
"
(fontspec)             and font adjustment code:
(fontspec)             \fontdimen 2\font =1\fontdimen 2\font \fontdimen 3\font
(fontspec)             =0\fontdimen 3\font \fontdimen 4\font =0\fontdimen
(fontspec)             4\font \fontdimen 7\font =0\fontdimen 2\font
(fontspec)             \tex_hyphenchar:D \font =-1\scan_stop: 
(fontspec)             - 'bold italic' (b/it) with NFSS spec.:
(fontspec)             <->s*[0.7]"Verdana/BI/OT:script=latn;language=dflt;"
(fontspec)             - 'bold italic small caps'  (b/scit) with NFSS spec.:
(fontspec)             <->s*[0.7]"Verdana/BI/OT:script=latn;language=dflt;+smcp
;"
(fontspec)             and font adjustment code:
(fontspec)             \fontdimen 2\font =1\fontdimen 2\font \fontdimen 3\font
(fontspec)             =0\fontdimen 3\font \fontdimen 4\font =0\fontdimen
(fontspec)             4\font \fontdimen 7\font =0\fontdimen 2\font
(fontspec)             \tex_hyphenchar:D \font =-1\scan_stop: 


(d:/My Programs/Tex Live/texlive/2024/texmf-dist/tex/latex/listings/lstlang1.st
y
File: lstlang1.sty 2024/09/23 1.10c listings language file
)
(d:/My Programs/Tex Live/texlive/2024/texmf-dist/tex/latex/listings/lstmisc.sty
File: lstmisc.sty 2024/09/23 1.10c (Carsten Heinz)
)) (./main.aux

LaTeX Warning: Label `DSP' multiply defined.


LaTeX Warning: Label `DSP' multiply defined.


LaTeX Warning: Label `python' multiply defined.


LaTeX Warning: Label `DSP' multiply defined.


LaTeX Warning: Label `DSP' multiply defined.


LaTeX Warning: Label `python' multiply defined.


LaTeX Warning: Label `DSP' multiply defined.


LaTeX Warning: Label `python' multiply defined.


LaTeX Warning: Label `DSP' multiply defined.


LaTeX Warning: Label `DSP' multiply defined.


LaTeX Warning: Label `DSP' multiply defined.


LaTeX Warning: Label `DSP' multiply defined.


LaTeX Warning: Label `DSP' multiply defined.


LaTeX Warning: Label `DSP' multiply defined.


LaTeX Warning: Label `DSP' multiply defined.


LaTeX Warning: Label `DSP' multiply defined.


LaTeX Warning: Label `DSP' multiply defined.


LaTeX Warning: Label `DSP' multiply defined.

)
\openout1 = `main.aux'.

LaTeX Font Info:    Checking defaults for OML/cmm/m/it on input line 31.
LaTeX Font Info:    ... okay on input line 31.
LaTeX Font Info:    Checking defaults for OMS/cmsy/m/n on input line 31.
LaTeX Font Info:    ... okay on input line 31.
LaTeX Font Info:    Checking defaults for OT1/cmr/m/n on input line 31.
LaTeX Font Info:    ... okay on input line 31.
LaTeX Font Info:    Checking defaults for T1/cmr/m/n on input line 31.
LaTeX Font Info:    ... okay on input line 31.
LaTeX Font Info:    Checking defaults for TS1/cmr/m/n on input line 31.
LaTeX Font Info:    ... okay on input line 31.
LaTeX Font Info:    Checking defaults for TU/lmr/m/n on input line 31.
LaTeX Font Info:    ... okay on input line 31.
LaTeX Font Info:    Checking defaults for OMX/cmex/m/n on input line 31.
LaTeX Font Info:    ... okay on input line 31.
LaTeX Font Info:    Checking defaults for U/cmr/m/n on input line 31.
LaTeX Font Info:    ... okay on input line 31.
LaTeX Font Info:    Checking defaults for PD1/pdf/m/n on input line 31.
LaTeX Font Info:    ... okay on input line 31.
LaTeX Font Info:    Checking defaults for PU/pdf/m/n on input line 31.
LaTeX Font Info:    ... okay on input line 31.

Package fontspec Info: 
(fontspec)             Adjusting the maths setup (use [no-math] to avoid
(fontspec)             this).

\symlegacymaths=\mathgroup4
LaTeX Font Info:    Overwriting symbol font `legacymaths' in version `bold'
(Font)                  OT1/cmr/m/n --> OT1/cmr/bx/n on input line 31.
LaTeX Font Info:    Redeclaring math accent \acute on input line 31.
LaTeX Font Info:    Redeclaring math accent \grave on input line 31.
LaTeX Font Info:    Redeclaring math accent \ddot on input line 31.
LaTeX Font Info:    Redeclaring math accent \tilde on input line 31.
LaTeX Font Info:    Redeclaring math accent \bar on input line 31.
LaTeX Font Info:    Redeclaring math accent \breve on input line 31.
LaTeX Font Info:    Redeclaring math accent \check on input line 31.
LaTeX Font Info:    Redeclaring math accent \hat on input line 31.
LaTeX Font Info:    Redeclaring math accent \dot on input line 31.
LaTeX Font Info:    Redeclaring math accent \mathring on input line 31.
LaTeX Font Info:    Redeclaring math symbol \colon on input line 31.
LaTeX Font Info:    Redeclaring math symbol \Gamma on input line 31.
LaTeX Font Info:    Redeclaring math symbol \Delta on input line 31.
LaTeX Font Info:    Redeclaring math symbol \Theta on input line 31.
LaTeX Font Info:    Redeclaring math symbol \Lambda on input line 31.
LaTeX Font Info:    Redeclaring math symbol \Xi on input line 31.
LaTeX Font Info:    Redeclaring math symbol \Pi on input line 31.
LaTeX Font Info:    Redeclaring math symbol \Sigma on input line 31.
LaTeX Font Info:    Redeclaring math symbol \Upsilon on input line 31.
LaTeX Font Info:    Redeclaring math symbol \Phi on input line 31.
LaTeX Font Info:    Redeclaring math symbol \Psi on input line 31.
LaTeX Font Info:    Redeclaring math symbol \Omega on input line 31.
LaTeX Font Info:    Redeclaring math symbol \mathdollar on input line 31.
LaTeX Font Info:    Redeclaring symbol font `operators' on input line 31.
LaTeX Font Info:    Encoding `OT1' has changed to `TU' for symbol font
(Font)              `operators' in the math version `normal' on input line 31.
LaTeX Font Info:    Overwriting symbol font `operators' in version `normal'
(Font)                  OT1/cmr/m/n --> TU/TimesNewRoman(0)/m/n on input line 3
1.
LaTeX Font Info:    Encoding `OT1' has changed to `TU' for symbol font
(Font)              `operators' in the math version `bold' on input line 31.
LaTeX Font Info:    Overwriting symbol font `operators' in version `bold'
(Font)                  OT1/cmr/bx/n --> TU/TimesNewRoman(0)/m/n on input line 
31.
LaTeX Font Info:    Overwriting symbol font `operators' in version `normal'
(Font)                  TU/TimesNewRoman(0)/m/n --> TU/TimesNewRoman(0)/m/n on 
input line 31.
LaTeX Font Info:    Overwriting math alphabet `\mathit' in version `normal'
(Font)                  OT1/cmr/m/it --> TU/TimesNewRoman(0)/m/it on input line
 31.
LaTeX Font Info:    Overwriting math alphabet `\mathbf' in version `normal'
(Font)                  OT1/cmr/bx/n --> TU/TimesNewRoman(0)/b/n on input line 
31.
LaTeX Font Info:    Overwriting math alphabet `\mathsf' in version `normal'
(Font)                  OT1/cmss/m/n --> TU/lmss/m/n on input line 31.
LaTeX Font Info:    Overwriting math alphabet `\mathtt' in version `normal'
(Font)                  OT1/cmtt/m/n --> TU/Verdana(0)/m/n on input line 31.
LaTeX Font Info:    Overwriting symbol font `operators' in version `bold'
(Font)                  TU/TimesNewRoman(0)/m/n --> TU/TimesNewRoman(0)/b/n on 
input line 31.
LaTeX Font Info:    Overwriting math alphabet `\mathit' in version `bold'
(Font)                  OT1/cmr/bx/it --> TU/TimesNewRoman(0)/b/it on input lin
e 31.
LaTeX Font Info:    Overwriting math alphabet `\mathsf' in version `bold'
(Font)                  OT1/cmss/bx/n --> TU/lmss/b/n on input line 31.
LaTeX Font Info:    Overwriting math alphabet `\mathtt' in version `bold'
(Font)                  OT1/cmtt/m/n --> TU/Verdana(0)/b/n on input line 31.
LaTeX Info: Redefining \th on input line 31.
Package hyperref Info: Link coloring OFF on input line 31.
 (./main.out) (./main.out)
\@outlinefile=\write3
\openout3 = `main.out'.

Package caption Info: Begin \AtBeginDocument code.
Package caption Info: listings package is loaded.
Package caption Info: End \AtBeginDocument code.
\c@lstlisting=\count319
LaTeX Font Info:    External font `cmex10' loaded for size
(Font)              <14.4> on input line 33.
LaTeX Font Info:    External font `cmex10' loaded for size
(Font)              <7> on input line 33.

Overfull \hbox (4.70218pt too wide) in paragraph at lines 33--33
[] 
 []


Overfull \hbox (4.70218pt too wide) in paragraph at lines 33--33
[]
 []


Underfull \hbox (badness 10000) in paragraph at lines 33--33

 []



[1] (./ЛистЗадания.tex

[2] (./main.lop)
\tf@lop=\write4
\openout4 = `main.lop'.


Overfull \hbox (4.70218pt too wide) in paragraph at lines 97--108
[][]
 []


Underfull \hbox (badness 10000) in paragraph at lines 97--108

 []

) (./Реферат.tex

[3]

[4]
\c=\count320
\last=\count321
\pnul=\count322
\c=\count323
\last=\count324
\pnul=\count325
\c=\count326
\last=\count327
\pnul=\count328
\c=\count329
\last=\count330
\pnul=\count331


[5]
\c=\count332
\last=\count333
\pnul=\count334
\c=\count335
\last=\count336
\pnul=\count337
\c=\count338
\last=\count339
\pnul=\count340
\c=\count341
\last=\count342
\pnul=\count343
)

[6] (./main.toc

[7]
Underfull \hbox (badness 10000) in paragraph at lines 39--39
[][][]\TU/TimesNewRoman(0)/m/n/14.4 Нефункциональные требования к программно- 
 []



[8])
\tf@toc=\write5
\openout5 = `main.toc'.

 (./main.lpc)
\tf@lpc=\write6
\openout6 = `main.lpc'.

 (./Обозначения.tex
Underfull \hbox (badness 1715) in paragraph at lines 1--1
\TU/TimesNewRoman(0)/m/n/14.4 Диаграмма прецедентов (Графический материал / Диа
грамма прецеден-
 []


Underfull \hbox (badness 5578) in paragraph at lines 1--1
\TU/TimesNewRoman(0)/m/n/14.4 Интерфейс программы (Графический материал / Интер
фейс програм-
 []


Underfull \hbox (badness 2970) in paragraph at lines 1--1
\TU/TimesNewRoman(0)/m/n/14.4 Интерфейс вкладки компрессора и графиков (Графиче
ский материал /
 []


Underfull \hbox (badness 1708) in paragraph at lines 1--1
\TU/TimesNewRoman(0)/m/n/14.4 Интерфейс вкладки реверберации и графиков (Графич
еский материал /
 []


Underfull \hbox (badness 10000) in paragraph at lines 1--1

 []



[9]) (./Введение.tex

[10]

[11]) (./Анализ.tex

[12]

[13]

[14]

[15]
Underfull \hbox (badness 3078) in paragraph at lines 67--68
[]\TU/TimesNewRoman(0)/m/n/14.4 Таким образом, многополосный компрессор — это с
овокупность
 []


Underfull \hbox (badness 2856) in paragraph at lines 76--77
[]\TU/TimesNewRoman(0)/m/n/14.4 Частотная зависимость: высокочастотные компонен
ты затухают
 []



[16]

[17]

[18]

[19]
Underfull \hbox (badness 10000) in paragraph at lines 107--107
[]\TU/TimesNewRoman(0)/b/n/14.4 1.4 Технические проблемы и перспективы развития

 []



[20]
Underfull \hbox (badness 1609) in paragraph at lines 114--115
[]\TU/TimesNewRoman(0)/m/n/14.4 Перспективные направления развития аудиопроцесс
оров включают
 []



[21]) (./ТехЗадание.tex

[22]
Underfull \hbox (badness 10000) in paragraph at lines 13--13
[]\TU/TimesNewRoman(0)/b/n/14.4 2.3.1 Требования к данным программно-информацио
нной
 []



[23]
Underfull \hbox (badness 10000) in paragraph at lines 34--34
[]\TU/TimesNewRoman(0)/b/n/14.4 2.3.2 Функциональные требования к
 []



[24]

[25]
Underfull \hbox (badness 10000) in paragraph at lines 95--96
[]\TU/TimesNewRoman(0)/m/n/14.4 необходимо реализовать функцию визуализации амп
литудно-
 []



[26]
Underfull \hbox (badness 2884) in paragraph at lines 103--104
[]\TU/TimesNewRoman(0)/m/n/14.4 Реализовать цифровой многополосный компрессор д
ля обработки
 []



[27]

[28]

[29]
Underfull \hbox (badness 4686) in paragraph at lines 175--176
[]\TU/TimesNewRoman(0)/m/n/14.4 Реализовать модуль визуализации аудиосигнала, о
беспечивающий
 []



[30]
Underfull \hbox (badness 6428) in paragraph at lines 197--198
[]\TU/TimesNewRoman(0)/m/n/14.4 Реализовать модуль управления аудиопроцессором,
 обеспечиваю-
 []



[31]
Underfull \hbox (badness 1005) in paragraph at lines 210--211
[]\TU/TimesNewRoman(0)/m/n/14.4 управление параметрами многополосного компрессо
ра: threshold,
 []


Underfull \hbox (badness 10000) in paragraph at lines 220--221
[]\TU/TimesNewRoman(0)/m/n/14.4 индикация состояния воспроизведения (воспроизво
дится/пауза-
 []

File: images/DiagramPrec.png Graphic file (type bmp)
<images/DiagramPrec.png>


[32]

[33]

[34]
Underfull \hbox (badness 1297) in paragraph at lines 308--309
[]\TU/TimesNewRoman(0)/m/n/14.4 Выбирает метод шумоподавления из выдвижного спи
ска (спек-
 []



[35]
Underfull \hbox (badness 10000) in paragraph at lines 335--336
[]\TU/TimesNewRoman(0)/m/n/14.4 Предусловие: аудиофайл успешно загружен, вкладк
а ”Компрес-
 []


Underfull \hbox (badness 5036) in paragraph at lines 351--352
[]\TU/TimesNewRoman(0)/m/n/14.4 Предусловие: аудиофайл успешно загружен, вкладк
а ”Ревербера-
 []



[36]

[37]
Underfull \hbox (badness 10000) in paragraph at lines 412--412
[]\TU/TimesNewRoman(0)/b/n/14.4 2.4.1 Нефункциональные требования к
 []



[38]
Underfull \hbox (badness 3179) in paragraph at lines 424--425
[]\TU/TimesNewRoman(0)/m/n/14.4 Приложение должно автоматически определять дост
упные аудио-
 []



[39]

[40]) (./ТехПроект.tex

[41]

[42]
Underfull \hbox (badness 1394) in paragraph at lines 25--26
[]\TU/TimesNewRoman(0)/m/n/14.4 Разработка собственного программного аудиопроце
ссора позволяет
 []


Underfull \hbox (badness 10000) in paragraph at lines 29--29
[]\TU/TimesNewRoman(0)/b/n/14.4 3.2.1  Описание используемых технологий и языко
в
 []


Underfull \hbox (badness 2478) in paragraph at lines 34--35
[]\TU/TimesNewRoman(0)/m/n/14.4 Широкий набор библиотек для цифровой обработки 
сигналов.
 []



[43]

[44]

[45]

[46]

[47]

[48]

[49]
File: images/DiagramArch.png Graphic file (type bmp)
<images/DiagramArch.png>


[50]

[51]

[52]

[53

]
Underfull \hbox (badness 2452) in paragraph at lines 203--204
[]\TU/TimesNewRoman(0)/m/n/14.4 загрузку и конвертацию аудио через PyDub (с исп
ользованием
 []



[54]

[55]

[56]

[57]) (./РабочийПроект.tex

[58]

[59]
Underfull \hbox (badness 10000) in paragraph at lines 54--54
[]|\TU/TimesNewRoman(0)/m/n/14.4 Audio-
 []


Underfull \hbox (badness 10000) in paragraph at lines 54--54
[]|\TU/TimesNewRoman(0)/m/n/14.4 audio_
 []


Overfull \hbox (1.2548pt too wide) in paragraph at lines 54--54
\TU/TimesNewRoman(0)/m/n/14.4 processor.py| 
 []


Underfull \hbox (badness 7504) in paragraph at lines 54--54
[]|\TU/TimesNewRoman(0)/m/n/14.4 Основной класс для
 []


Underfull \hbox (badness 10000) in paragraph at lines 54--54
\TU/TimesNewRoman(0)/m/n/14.4 обработки аудио,
 []


Underfull \hbox (badness 10000) in paragraph at lines 54--54
\TU/TimesNewRoman(0)/m/n/14.4 реализует эффек-
 []


Underfull \hbox (badness 10000) in paragraph at lines 54--54
\TU/TimesNewRoman(0)/m/n/14.4 ты и управление
 []


Underfull \hbox (badness 10000) in paragraph at lines 54--54
[]\TU/TimesNewRoman(0)/m/n/14.4 apply_all_effects -
 []


Underfull \hbox (badness 10000) in paragraph at lines 54--54
\TU/TimesNewRoman(0)/m/n/14.4 применение всех
 []


Underfull \hbox (badness 10000) in paragraph at lines 54--54
[]\TU/TimesNewRoman(0)/m/n/14.4 process_entire_audio
 []


Underfull \hbox (badness 10000) in paragraph at lines 54--54
\TU/TimesNewRoman(0)/m/n/14.4 - обработка всего
 []


Underfull \hbox (badness 10000) in paragraph at lines 54--54
[]\TU/TimesNewRoman(0)/m/n/14.4 apply_compressor -
 []


Underfull \hbox (badness 10000) in paragraph at lines 54--54
[]\TU/TimesNewRoman(0)/m/n/14.4 apply_reverb -
 []


Underfull \hbox (badness 10000) in paragraph at lines 54--54
[]
 []


Overfull \hbox (7.57187pt too wide) in paragraph at lines 54--54
\TU/TimesNewRoman(0)/m/n/14.4 apply_noise_reduction
 []


Overfull \hbox (1.75574pt too wide) in paragraph at lines 54--54
[]|\TU/TimesNewRoman(0)/m/n/14.4 Compressor-
 []


Underfull \hbox (badness 10000) in paragraph at lines 54--54
[]|\TU/TimesNewRoman(0)/m/n/14.4 audio_
 []


Overfull \hbox (1.2548pt too wide) in paragraph at lines 54--54
\TU/TimesNewRoman(0)/m/n/14.4 processor.py| 
 []


Underfull \hbox (badness 6944) in paragraph at lines 54--54
[]|\TU/TimesNewRoman(0)/m/n/14.4 Dataclass для хране-
 []


Underfull \hbox (badness 10000) in paragraph at lines 54--54
\TU/TimesNewRoman(0)/m/n/14.4 threshold, ratio,
 []


Underfull \hbox (badness 10000) in paragraph at lines 54--54
[]\TU/TimesNewRoman(0)/m/n/14.4 _on_scroll - об-
 []


Underfull \hbox (badness 10000) in paragraph at lines 54--54
\TU/TimesNewRoman(0)/m/n/14.4 работка колесика
 []


Underfull \hbox (badness 10000) in paragraph at lines 54--54
[]
 []


Overfull \hbox (11.5164pt too wide) in paragraph at lines 54--54
\TU/TimesNewRoman(0)/m/n/14.4 _create_main_interface
 []


Underfull \hbox (badness 10000) in paragraph at lines 54--54
\TU/TimesNewRoman(0)/m/n/14.4 - создание интер-
 []


Underfull \hbox (badness 10000) in paragraph at lines 54--54
[]\TU/TimesNewRoman(0)/m/n/14.4 _safe_start_playback
 []


Underfull \hbox (badness 10000) in paragraph at lines 54--54
[]\TU/TimesNewRoman(0)/m/n/14.4 stop_playback -
 []


Underfull \hbox (badness 1097) in paragraph at lines 54--54
[]\TU/TimesNewRoman(0)/m/n/14.4 save_audio - сохра-
 []

[60]

[61]
File: images/InterProg.png Graphic file (type bmp)
<images/InterProg.png>
File: images/WindLoad.png Graphic file (type bmp)
<images/WindLoad.png>


[62]

[63]
File: images/CompWind.png Graphic file (type bmp)
<images/CompWind.png>
File: images/ReverbWind.png Graphic file (type bmp)
<images/ReverbWind.png>
File: images/SaveWind.png Graphic file (type bmp)
<images/SaveWind.png>


[64]

[65]
File: images/Interface.png Graphic file (type bmp)
<images/Interface.png>


[66

]
Underfull \hbox (badness 2443) in paragraph at lines 176--177
[]\TU/TimesNewRoman(0)/m/n/14.4 Описание: Корректная загрузка аудиофайлов разли
чных форматов
 []

File: images/LoadWindow.png Graphic file (type bmp)
<images/LoadWindow.png>
File: images/InterLoad.png Graphic file (type bmp)
<images/InterLoad.png>


[67

]
File: images/SliderTime.png Graphic file (type bmp)
<images/SliderTime.png>


[68]
File: images/Graph.png Graphic file (type bmp)
<images/Graph.png>


[69

]
File: images/EQParam.png Graphic file (type bmp)
<images/EQParam.png>


[70

]
File: images/CompParam.png Graphic file (type bmp)
<images/CompParam.png>


[71

]
Underfull \hbox (badness 2050) in paragraph at lines 248--249
[]\TU/TimesNewRoman(0)/m/n/14.4 Описание: При изменении параметров реверберации
, регулировки
 []

File: images/ReverbParam.png Graphic file (type bmp)
<images/ReverbParam.png>


[72

]) (./Заключение.tex

[73

]) (./СписокИсточников.tex

[74]
Underfull \hbox (badness 2521) in paragraph at lines 5--6
[]\TU/TimesNewRoman(0)/m/n/14.4 Витязев В.В., Волченков В.А. Цифровая обработка
 сигналов –
 []


Underfull \hbox (badness 3128) in paragraph at lines 11--12
[]\TU/TimesNewRoman(0)/m/n/14.4 Блинов М.И. Программирование цифровых фильтров 
– Санкт-
 []


Underfull \hbox (badness 3281) in paragraph at lines 12--13
[]\TU/TimesNewRoman(0)/m/n/14.4 Громов В.А. Программирование аудиоприложений на
 Python –
 []


Underfull \hbox (badness 3323) in paragraph at lines 14--15
[]\TU/TimesNewRoman(0)/m/n/14.4 Кулагин В.П. Программирование на Python для инж
енеров –
 []



[75]
Underfull \hbox (badness 1502) in paragraph at lines 21--22
[]\TU/TimesNewRoman(0)/m/n/14.4 Гришин В.О. Цифровые аудиоэффекты: теория и реа
лизация -
 []



[76]) (./Плакаты.tex

[77]

[78]
File: images/plac1.png Graphic file (type bmp)
<images/plac1.png>
File: images/plac2.png Graphic file (type bmp)
<images/plac2.png>


[79

]
File: images/plac3.png Graphic file (type bmp)
<images/plac3.png>


[80]
File: images/plac4.png Graphic file (type bmp)
<images/plac4.png>


[81]
File: images/plac5.png Graphic file (type bmp)
<images/plac5.png>


[82]
File: images/plac6.png Graphic file (type bmp)
<images/plac6.png>


[83]
File: images/plac7.png Graphic file (type bmp)
<images/plac7.png>


[84]
File: images/plac8.png Graphic file (type bmp)
<images/plac8.png>


[85]

[86]) (./Код.tex
(d:/My Programs/Tex Live/texlive/2024/texmf-dist/tex/latex/listings/lstlang1.st
y
File: lstlang1.sty 2024/09/23 1.10c listings language file
)
(d:/My Programs/Tex Live/texlive/2024/texmf-dist/tex/latex/listings/lstlang2.st
y
File: lstlang2.sty 2024/09/23 1.10c listings language file
)
(d:/My Programs/Tex Live/texlive/2024/texmf-dist/tex/latex/listings/lstlang3.st
y
File: lstlang3.sty 2024/09/23 1.10c listings language file
)
(d:/My Programs/Tex Live/texlive/2024/texmf-dist/tex/latex/listings/lstlang1.st
y
File: lstlang1.sty 2024/09/23 1.10c listings language file
)
(d:/My Programs/Tex Live/texlive/2024/texmf-dist/tex/latex/listings/lstlang2.st
y
File: lstlang2.sty 2024/09/23 1.10c listings language file
)
(d:/My Programs/Tex Live/texlive/2024/texmf-dist/tex/latex/listings/lstlang3.st
y
File: lstlang3.sty 2024/09/23 1.10c listings language file
)
(d:/My Programs/Tex Live/texlive/2024/texmf-dist/tex/latex/listings/lstlang1.st
y
File: lstlang1.sty 2024/09/23 1.10c listings language file
)
(d:/My Programs/Tex Live/texlive/2024/texmf-dist/tex/latex/listings/lstlang2.st
y
File: lstlang2.sty 2024/09/23 1.10c listings language file
)
(d:/My Programs/Tex Live/texlive/2024/texmf-dist/tex/latex/listings/lstlang3.st
y
File: lstlang3.sty 2024/09/23 1.10c listings language file
)
(d:/My Programs/Tex Live/texlive/2024/texmf-dist/tex/latex/listings/lstmisc.sty
File: lstmisc.sty 2024/09/23 1.10c (Carsten Heinz)
)
Package hyperref Info: bookmark level for unknown lstlisting defaults to 0 on i
nput line 4.
LaTeX Font Info:    Font shape `TU/Verdana(0)/m/n' will be
(Font)              scaled to size 10.07994pt on input line 4.
 (./main.tex

[87

]) (./ТехПроект.tex

[88]

[89]

[90]

[91]

[92]

[93]

[94]

[95]

[96]

[97])

[98]
Overfull \hbox (4.70218pt too wide) in paragraph at lines 12--27
[] 
 []

)

[99] (./main.aux)
 ***********
LaTeX2e <2024-11-01> patch level 2
L3 programming layer <2025-01-18>
 ***********


LaTeX Warning: There were multiply-defined labels.

Package rerunfilecheck Info: File `main.out' has not changed.
(rerunfilecheck)             Checksum: 772186036A2CCD7190FDCE42D5BEEB1E;22265.
 ) 
Here is how much of TeX's memory you used:
 21629 strings out of 473840
 396490 string characters out of 5723763
 1322045 words of memory out of 5000000
 44410 multiletter control sequences out of 15000+600000
 560358 words of font info for 71 fonts, out of 8000000 for 9000
 1348 hyphenation exceptions out of 8191
 99i,11n,110p,1489b,2956s stack positions out of 10000i,1000n,20000p,200000b,200000s

Output written on main.pdf (99 pages).
